3Sg+9hts0UwrVUP4s+mgTmLPxvtPW7qzwF92CWuKiv1VyjIoMoTxGFyNhJJo/WO99dc4sYqNDuQhirp8TUeV2b/32rJWkIVlLo8AWaIFbKML
M61ouIsvdWHte0AwU/Cf+mm6snsOqb9DlN+s8kn1ClUHXUcIgGUduYylyTfACJ1SGP2jmk0pCBwRXAUtCXRMYTiq38wMsHs32/JOHfJZeG0HUXPCySf3v52Hs03G1UskuRryXLV3/VkXB+LSHgAdJVa/yPk6VUSjIw==
ULbzyedryWzBNBMHN30S+mm6snsOqb9DlN+s8kn1ClUHXUcIgGUduYylyTfACJ1SGP2jmk0pCBwRXAUtCXRMYTiq38wMsHs32/JOHfJZeG0HUXPCySf3v52Hs03G1UskuRryXLV3/FkXB+LSHgAdJVa/yPk6VUSjIw==
M5WV/4/R5485gtThtrdaNd/4242Yog+Y1FQMv6lj2N23iAxpRuYQl1yK1HcIqlWTydwBn275Kgzt1eHdHZUnfaMY
DhjjY+BwIVkDlQYH9BuMP+vIokKoiDMDkoqEOmQQVvmCtmolLwFjinXKJWLhYeQApuKzRk8sDwPvujYER4WcjRj0S65oNI+T+HlVY1g6xDRvNWRLUnFAEWajAQ==
fp+ZjQ4x+KJLexq0KptMzqMTfyABInpHMJIFRoi/yFgLM7N6a7PX/UapSgRVkrZMUS9mmQtfRkLaCDHF+vfMCZ4teKMf
eaihzpXmEVC2vbX/wc9HlZwFinpShUtEvq4hDSOE/4nRUkElUpK3nMVBh6C58gJnOILtBiBPQPjTQ6t6c0OPXc7Z4sQ9gr5sqX/eGXOPfiLSGBkFkkdEaUYdYKMH
fpGJPafP4jZUWyhVb8+Xqm+O2i7QctQXm2e4PG6j4S089FFSWkiV6tFhsyP8LnyjWH4dV4kYSUs+LQIozfHJyQ2BL3mjHA==
IhOVvpCetWmjibhp7bH0WqATfyABInpHMJIFRoi/yFgLM7N6a7PX/UapSgRVkrZMUS9mmQtfRkLaCDHF+vfMCZ4teKMf
xLZOoJ+cR9L5oLyLXqrWswU004JjAk/7KXj3oImS0qdIYl2GsO8QOOMju3pjo78dHnlyRI3iTiz5n+4Zg68u4mK46YUCpxQptj1woxc=
0E0aGd/Bv8qtuMkkeMgb0KMSfyABInpHMJIFRoi/yFgLM7N6a7PX/UapSgRVkrZMUS9mmQtfRkLaCDHF+vfMCZ4teKMf
jWAbleq7NU9UzUO5qHXXQ6ASfyABInpHMJIFRoi/yFgLM7N6a7PX/UapSgRVkrZMUS9lmQtfRkLaCDHF+vfMCZ4teKMf
3Ctp3WKGn6vDgTR2ur/bbmJE1jhnjLCcqP3DsQyOvv0tV/SylRAahskgqZfn8cwQUPmwGPk2qTZ1YSY7dtrd78XzBYcre6MS
1PHBfe9Tb1Cb1PdODQUQhGJH1ThnjLCcqP3DsQyOvv0tV/SylRAahskgqZfn8cwQUPmwGPk2qTZ1YSY7dtrd78XzBYcre6MS
GrHVc6XRu1cPlX5Hu6OTL1R9+KnDKrNgzVqOF+Q6ueYUV7yon6s/+ucrQ42ywdak6TrinCXXKVlHZ3ISDmDNpebf+DmKNXSjEw==
F/QBl0TtuadVxuElv7D70mtM1jhnjLCcqP3DsQyOvv0tV/SylRAahskgqZfn8cwQUPmwGPk2qTZ1YSY7dtrd78XzBYcre6MS
bOPRuTa37UvcGTUqio2TZWJG1ThnjLCcqP3DsQyOvv0tV/SylRAahskgqZfn8cwQUPmwGPk2qTZ1YSY7dtrd78XzBYcre6MS
eoglYWkcdO90VN/WZFyda1qx+kifPJNZyHanPHTwpCs591BZNwyE/dZyuDP8LnyjWH4dVIkYSUs+LQIozfHJyQ2BL3mjHA==
6h33Tzy2ynVuwEtkqrFbFFqx+kifPJNZyHKlMnTwpCs591BZNwyE/dZyuDP8LnyjWH4dVIkYSUs+LQIozfHJyQ2BL3mjHA==
lhMdmRXuAT34EaAq7eEao5dW/wLJQ/Agt/t9Y47JX////zl11i4dZHk0Y75gFLdDg/ntM6BazCQH9cz72hGYIX6jGQ==
noG4dmerNx+ep6t850ne8QbxyR0ezTGGLIVP3jdbJUq61COoHQBY7SVmjoKF/OEn71ufrH3W8xTcuBrKcyaExNFU0aqC0lZZofk9ISJrkrOmK1gkSgyDzn6juoWCaOdW8EZ6W1WbyV04ByOk6CTGzQ/8qSHneyYga8RvFhySEZouUB1Tk8cWkMN3jIHP3LXM1EGoevYTPnqawbEAI6MlgYcp+3rOLq0IX3GsI+jUQhbXsJzYqwijWW40cM4HjrtkQHzirPAH4PzG4vTzERCXCqoQ10O3RorpNYFAwiRiryBhQB0bdsGjSTyzVcZZpjcYucPbP7HfZz0yvZeEhbKmjMGPlZk7v9aCymjhRYoX/ElujSijTw==
jeNdZUhOHeO5E1zi0Ddv7RK36OMfRQgN5hbM54788mcJneQIJuArBPwl30TL8E4sDPwzqA3gaK2Vhj4CFRwxZ797b6wN9iPUjNiKSsNGNAThNMGqkvImmVFZTaGyy8LzdstoJHrsU44uAyoF8sgXloBmaltF+/mdiGeTJHhElg3f3NkhF1t2YLsk/5ascqHaHrANU4Pn5tCz13wBX3xlDIQhmHrGc266SmEhgNMDVcF3Cet63s6dSO+RHKN4NJJWh5Bs2Nsoc5k+VOBOt+4LpHAc8qzgJ5A8NkKEc4Gwx0p68OdDh6ZaqWUh0EJUwl/gEWANG2ahk4mM0+VGycZn2Gnjqz9B/zd94l0HBDVSFszxb4WZK58mwrrIEcUatyyJPu0Yo38=
ygaSFBaAjEum+ttljXb15Psx8iTyklNGvlynFjE4sUhy0JaTonB44MofqWS4RTrQrl7LNv38DNAsZICtNoFC9qQLeFjCYtofeLH9AIeW+dfZzf8f7ZtkB1a0Oq+Nwa2nishKmXBpS2iRzlk5GSjc/TY54RaaisEKQXF0Wgq0XlnQ3mbnBm7jTi2x9KLJZxl6ripALccr+nuJyc4LrwroxgFK3S7fKCqzZGrMni/nGz0GfXqOln/4hnK0TZ86a8YCjLRYSWrRXO0th9jnHN+rZCJIxpNWlIN6nD2dZC+7aoEAALyI9o6Ly0skzb0t3j7MNEi0ICV4X9xlsOmD88xMQHDp8IhZZqlm1fFmK1aKXb/l40UXiyujQg==
8VEcKKcV0oNWfJBNNUm8m0RlFkX4gn9ycmT2CJSqpZGdyYQNVYTgHy/+NSqIDcMk9xgafPjEf2jBmNx9wS7Coon0hRcr4+MsgW63JDiwFuq/7uBUVcyN6l7KUkmFMXFBruM2w2LTZCR29Ee+2is25c6gw0b0XqYbCQNNzVzP74TkLCL9S0RVoZvD4hAPzGM2UNr1CqrIwZPP3xKA5z9AYUNUETyQOZR6ymt6ij5JPeDv6wGRgzGnuhK2KZi7OeAD5NwmJhMI4FhXsOdpijx87stG3/TE5L7sLB/k7OIquJOdmDN6bujrQ4u+TpmRCcyiaKqLMGVYwVsqWSfZWHuZ5lWu0yj9eye/zWejDVa1m6TJ+kIcRRdIWWen0pLuIC2lBp9YuSr1FKNz
YghwqoRmUf67C0DKOJpzGBK36OMfRQgN5hbM54788mcJneQIJuArBPwl30TL8E4sDPwzqA3gaK2Vhj4CFRwxZ797b6wN9iPUjNiKSsNGNAThNMGqkvImmVFZTaGyy8LzdstoJHrsU44uAyoF8sgXloBmaltF+/mdiGeTJHhElg3f3NkhF1t2YLsk/5ascqHaHrANU4Pn5tCz13wBX3xlDIQhmHrGc266SmEhgNMDVcF3Cet63s6dSO+RHKN4NJJWh5Bs2Nsoc5k+VOBOt+4LpHAc8qzgJ5A8NkKEc4Gwx0p68OdDh6ZaqWUh0EJUwl/gEWANG2ahk4mM0+VGycZn2Gnjqz9B/zd94l0HBDVSFszxb4SZK58mwrrIEcUatyyJPu0Yo38=
8VEcKKcV0oNWfJBNNUm8m0RlFkX4gn9ycmT2CJSqpZGdyYQNVYTgHy/+NSqIDcMk9xgafPjEf2jBmNx9wS7Coon0hRcr4+MsgW63JDiwFuq/7uBUVcyN6l7KUkmFMXFBruM2w2LTZCR29Ee+2is25c6gw0b0XqYbCQNNzVzP74TkLCL9S0RVoZvD4hAPzGM2UNr1CqrIwZPP3xKA5z9AYUNUETyQOZR6ymt6ij5JPeDv6wGRgzGnuhK2KZi7OeAD5NwmJhMI4FhXsOdpijx87stG3/TE5L7sLB/k7OIquJOdmDN6bujrQ4u+TpmRCcyiaKqLMGVYwVsqWSfZWHuZ5lWu0yj9eye/zWejDVa1m6TJ+kIcRRdIWWen0pLuIC2lBp9YuSr1FKNz
hT3gLSo6uSm4MgrFEVNkvPsx8iTyklNHvlynFjc2rVd4zZaTonVy5tcHqWS4RTrQrl7LNv38DNAsZICtNoFC9qQLeFjCYtofeLH9AIeW+dfZzf8f7ZtkB1a0Oq+Nwa2nishKmXBpS2iRzlk5GSjc/TY54RaaisEKQXF0Wgq0XlnQ3mbnBm7jTi2x9KLJZxl6ripALccr+nuJyc4LrwroxgFK3S7fKCqzZGrMni/nGz0GfXqOln/4hnK0TZ86a8YCjLRYSWrRXO0th9jnHN+rZCJIxpNWlIN6nD2dZC+7aoEAALyI9o6Ly0skzb0t3j7MNEi0ICV4X9xlsOmD88xMQHDp8IhZYahm1fFmK1aKXb/l40UXiyujQg==
hjtkwyI6m6K1sR6ZXcrZcfsx8iTyklNHvlynFjE4sUhy0JaTonB44MofqWS4RTrQrl7LNv38DNAsZICtNoFC9qQLeFjCYtofeLH9AIeW+dfZzf8f7ZtkB1a0Oq+Nwa2nishKmXBpS2iRzlk5GSjc/TY54RaaisEKQXF0Wgq0XlnQ3mbnBm7jTi2x9KLJZxl6ripALccr+nuJyc4LrwroxgFK3S7fKCqzZGrMni/nGz0GfXqOln/4hnK0TZ86a8YCjLRYSWrRXO0th9jnHN+rZCJIxpNWlIN6nD2dZC+7aoEAALyI9o6Ly0skzb0t3j7MNEi0ICV4X9xlsOmD88xMQHDp8IhZY6hm1fFmK1aKXb/l40UXiyujQg==
CcFfpEP1c5/erD6/t02vOjES1SNGz5iSEbWQGR+YArv/D1uZlaDn6tJkqyiVcPAN/db2wl0s2UfHS5esdcbb9OToQgqLltykeaRZKgpivvn5iYXh+jvqk047UCRCHGvuBvNiRToYv/YY9vLb3WthPWC322SwdP4tJ+yhIe9rDkBTFLdWZCLJeoYgldMbd34wG4c0wZcMTey8UaB6/gNWWmIR6UCbU/0h75lz+kZeBeiHwdRjMAR6dv+glNijGIu5VmQoDv8+4wTojGoseLcIXJ6STDPJQO8qQgDfQ79WYslN0ZgCnBL3gInwlZv+MQspZAOtBgH2D/iR09M/uc9PXQptT8T9An5saf8YGLMPviISmFkF0scEaQadIKNH
vlFzPcNbfWqME55W1AOvFFqx+kifPJNZyHKlMnTwpCs591BZNwyE/dZyuDP8LnyjWH4dWogYSUs+LQIozfHJyQ2BL3mjHA==
4J2SLE+VQEn9uCSsMCpWvu3Gqw31jDM+uon+BXMQWs7wtWUvJQdpky/bDlCkP+wtk6yVAxsnDAn68zVKXpu4hRL0S65oNI+T9XhVY1g6xDRvNWRLUnFAEWajAQ==
